[debug] [2023-11-28T12:35:20.246Z] ----------------------------------------------------------------------
[debug] [2023-11-28T12:35:20.248Z] Command:       C:\Program Files\nodejs\node.exe C:\Program Files\nodejs\node_modules\firebase-tools\lib\bin\firebase.js init
[debug] [2023-11-28T12:35:20.249Z] CLI Version:   12.9.1
[debug] [2023-11-28T12:35:20.249Z] Platform:      win32
[debug] [2023-11-28T12:35:20.250Z] Node Version:  v18.18.2
[debug] [2023-11-28T12:35:20.251Z] Time:          Tue Nov 28 2023 19:35:20 GMT+0700 (Western Indonesia Time)
[debug] [2023-11-28T12:35:20.251Z] ----------------------------------------------------------------------
[debug] 
[debug] [2023-11-28T12:35:20.383Z] > command requires scopes: ["email","openid","https://www.googleapis.com/auth/cloudplatformprojects.readonly","https://www.googleapis.com/auth/firebase","https://www.googleapis.com/auth/cloud-platform"]
[debug] [2023-11-28T12:35:20.384Z] > authorizing via signed-in user (fahri_ghazali_30rpl@student.smktelkom-mlg.sch.id)
[info] 
     ######## #### ########  ######## ########     ###     ######  ########
     ##        ##  ##     ## ##       ##     ##  ##   ##  ##       ##
     ######    ##  ########  ######   ########  #########  ######  ######
     ##        ##  ##    ##  ##       ##     ## ##     ##       ## ##
     ##       #### ##     ## ######## ########  ##     ##  ######  ########

You're about to initialize a Firebase project in this directory:

  D:\airnavjog-project

Before we get started, keep in mind:

  * You are initializing within an existing Firebase project directory

